T_BEGIN
T_STRING
T_ID(name)
T_ASSIGN
T_STRING_LITERAL("Ian")
T_SCOLON
T_INT
T_ID(salary)
T_ASSIGN
T_INTEGER(10000)
T_SCOLON
T_INT
T_ID(bonus)
T_ASSIGN
T_INTEGER(500)
T_SCOLON
T_INT
T_ID(hours_worked)
T_ASSIGN
T_INTEGER(4)
T_SCOLON
T_WHILE
T_LPAREN
T_ID(hours_worked)
T_GT
T_INTEGER(0)
T_RPAREN
T_LBRACE
T_ID(salary)
T_ASSIGN
T_ID(salary)
T_PLUS
T_ID(bonus)
T_SCOLON
T_ID(hours_worked)
T_ASSIGN
T_ID(hours_worked)
T_MINUS
T_INTEGER(1)
T_SCOLON
T_RBRACE
T_COUT
T_OP_OUT
T_ID(name)
T_SCOLON
T_COUT
T_OP_OUT
T_ID(salary)
T_SCOLON
T_IF
T_LPAREN
T_INTEGER(85856)
T_RPAREN
T_LBRACE
T_COUT
T_OP_OUT
T_ID(new)
T_SCOLON
T_RBRACE
T_END
